79484
Matches	Search_type	jot_city	geo_name_city	lat	lon	dist_from_first	geonameid
(7)<0>	EQ:	mulheim (moselle)	P	muelheim	51.432180	6.879670	0.000000km	2867838
(7)<0>	EQ:	mulheim (moselle)	P	muelheim	51.492800	8.286400	97.995060km	2867840
(7)<0>	EQ:	mulheim (moselle)	P	muelheim	50.713440	6.738810	80.566716km	2867841
(7)<0>	EQ:	mulheim (moselle)	P	muelheim	50.448870	6.683060	110.259728km	2867842
(7)<0>	EQ:	mulheim (moselle)	P	muelheim	50.383330	7.500000	124.570773km	2867843
(7)<0>	EQ:	mulheim (moselle)	P	muelheim	49.912520	7.019490	169.338602km	2867844
(7)<0>	EQ:	mulheim (moselle)	P	muelheim	50.966390	7.003840	52.541864km	8593865
(4)<1>	EQ:	frickenhausen am main	A	frickenhausen	48.593500	9.359710	211.073359km	6555419
(1)<0>	EQ:	samtgemeinde meinersen	P	meinersen	52.474360	10.352470	0.000000km	2872244
(63)<2>	EQ:	oberndorf am lech	P	oberndorf	53.750000	9.150000	0.000000km	2859600
(63)<2>	EQ:	oberndorf am lech	P	oberndorf	50.996040	11.481570	345.097587km	2859601
(63)<2>	EQ:	oberndorf am lech	P	oberndorf	50.958710	8.295860	315.996640km	2859602
(63)<2>	EQ:	oberndorf am lech	P	oberndorf	50.900560	8.669900	318.750099km	2859603
(63)<2>	EQ:	oberndorf am lech	P	oberndorf	50.888130	11.893870	369.281599km	2859604
(63)<2>	EQ:	oberndorf am lech	P	oberndorf	50.821420	10.975120	348.830167km	2859605
(63)<2>	EQ:	oberndorf am lech	P	oberndorf	50.748700	8.411800	337.739567km	2859606
(63)<2>	EQ:	oberndorf am lech	P	oberndorf	50.702270	9.120220	339.131835km	2859607
(63)<2>	EQ:	oberndorf am lech	P	oberndorf	50.527830	8.412690	362.061316km	2859608
(63)<2>	EQ:	oberndorf am lech	P	oberndorf	50.188840	9.473390	396.860098km	2859609
(63)<2>	EQ:	oberndorf am lech	P	oberndorf	50.027310	10.200470	420.459293km	2859610
(63)<2>	EQ:	oberndorf am lech	P	oberndorf	49.862850	9.505450	433.190969km	2859611
(63)<2>	EQ:	oberndorf am lech	P	oberndorf	49.778880	10.825220	456.688682km	2859612
(63)<2>	EQ:	oberndorf am lech	P	oberndorf	49.751620	12.202870	492.184360km	2859613
(63)<2>	EQ:	oberndorf am lech	P	oberndorf	49.729360	12.264780	496.278294km	2859614
(63)<2>	EQ:	oberndorf am lech	P	oberndorf	49.716670	7.816670	458.090761km	2859615
(63)<2>	EQ:	oberndorf am lech	P	oberndorf	49.632210	11.003260	475.692460km	2859616
(63)<2>	EQ:	oberndorf am lech	P	oberndorf	49.619720	11.324330	483.457466km	2859617
(63)<2>	EQ:	oberndorf am lech	P	oberndorf	49.508270	12.102640	514.206066km	2859618
(63)<2>	EQ:	oberndorf am lech	P	oberndorf	49.520220	11.374880	495.110502km	2859619
(63)<2>	EQ:	oberndorf am lech	P	oberndorf	49.518950	10.471970	479.539948km	2859620
(63)<2>	EQ:	oberndorf am lech	P	oberndorf	49.445380	10.729460	491.242347km	2859621
(63)<2>	EQ:	oberndorf am lech	P	oberndorf	49.442780	9.992780	482.755002km	2859622
(63)<2>	EQ:	oberndorf am lech	P	oberndorf	49.429960	11.428440	505.849024km	2859623
(63)<2>	EQ:	oberndorf am lech	P	oberndorf	49.407160	9.590300	484.141365km	2859624
(63)<2>	EQ:	oberndorf am lech	P	oberndorf	49.345070	10.296170	496.475687km	2859625
(63)<2>	EQ:	oberndorf am lech	P	oberndorf	49.250000	9.983330	503.982895km	2859626
(63)<2>	EQ:	oberndorf am lech	P	oberndorf	49.176430	11.371190	531.670828km	2859627
(63)<2>	EQ:	oberndorf am lech	P	oberndorf	49.176010	10.630840	519.158884km	2859628
(63)<2>	EQ:	oberndorf am lech	P	oberndorf	49.152870	12.762730	569.610253km	2859629
(63)<2>	EQ:	oberndorf am lech	P	oberndorf	49.075830	10.996280	535.609173km	2859631
(63)<2>	EQ:	oberndorf am lech	P	oberndorf	49.063180	11.499080	546.375187km	2859632
(63)<2>	EQ:	oberndorf am lech	P	oberndorf	48.947240	12.019160	570.375579km	2859633
(63)<2>	EQ:	oberndorf am lech	P	oberndorf	48.893210	9.545510	541.039288km	2859634
(63)<2>	EQ:	oberndorf am lech	P	oberndorf	48.827040	8.277340	551.058468km	2859635
(63)<2>	EQ:	oberndorf am lech	P	oberndorf	48.809600	13.558080	629.555297km	2859636
(63)<2>	EQ:	oberndorf am lech	P	oberndorf	48.758890	12.131110	592.861008km	2859637
(63)<2>	EQ:	oberndorf am lech	P	oberndorf	48.749890	13.520940	634.204340km	2859638
(63)<2>	EQ:	oberndorf am lech	P	oberndorf	48.729930	13.641070	640.232151km	2859639
(63)<2>	EQ:	oberndorf am lech	P	oberndorf	48.707460	12.657040	611.961581km	2859640
(63)<2>	EQ:	oberndorf am lech	P	oberndorf	48.669180	10.867490	577.806728km	2859641
(63)<2>	EQ:	oberndorf am lech	P	oberndorf	48.622080	13.009720	630.865131km	2859642
(63)<2>	EQ:	oberndorf am lech	P	oberndorf	48.608920	12.031570	606.277927km	2859643
(63)<2>	EQ:	oberndorf am lech	P	oberndorf	48.552610	12.639330	627.453473km	2859644
(63)<2>	EQ:	oberndorf am lech	P	oberndorf	48.526470	8.929140	581.326450km	2859645
(63)<2>	EQ:	oberndorf am lech	P	oberndorf	48.501430	13.124160	646.552811km	2859646
(63)<2>	EQ:	oberndorf am lech	P	oberndorf	48.464510	12.606540	635.701655km	2859647
(63)<2>	EQ:	oberndorf am lech	P	oberndorf	48.416330	13.105250	654.653149km	2859648
(63)<2>	EQ:	oberndorf am lech	P	oberndorf	48.420260	12.505450	637.662579km	2859649
(63)<2>	EQ:	oberndorf am lech	P	oberndorf	48.375100	11.215200	615.159933km	2859650
(63)<2>	EQ:	oberndorf am lech	P	oberndorf	48.368100	12.368190	639.662375km	2859651
(63)<2>	EQ:	oberndorf am lech	P	oberndorf	48.338450	11.541720	624.863313km	2859652
(63)<2>	EQ:	oberndorf am lech	P	oberndorf	48.283620	12.863950	661.389347km	2859653
(63)<2>	EQ:	oberndorf am lech	P	oberndorf	48.290500	8.572210	608.707031km	2859654
(63)<2>	EQ:	oberndorf am lech	P	oberndorf	48.229380	12.022740	646.291780km	2859655
(63)<2>	EQ:	oberndorf am lech	P	oberndorf	48.174100	12.134060	654.621223km	2859656
(63)<2>	EQ:	oberndorf am lech	P	oberndorf	48.078600	11.996300	661.774720km	2859657
(63)<2>	EQ:	oberndorf am lech	P	oberndorf	48.031090	12.088690	668.812914km	2859658
(63)<2>	EQ:	oberndorf am lech	P	oberndorf	47.907370	12.377130	688.398202km	2859659
(63)<2>	EQ:	oberndorf am lech	P	oberndorf	47.875370	12.848680	703.349851km	2859660
(63)<2>	EQ:	oberndorf am lech	P	oberndorf	47.861110	9.144020	655.105936km	2859661
(63)<2>	EQ:	oberndorf am lech	P	oberndorf	49.756180	11.125650	464.785801km	2859665
(63)<2>	EQ:	oberndorf am lech	P	oberndorf	49.865130	11.867040	471.032124km	9973169
(63)<2>	EQ:	oberndorf am lech	A	oberndorf	53.750000	9.150000	0.000000km	6552606
(63)<2>	EQ:	oberndorf am lech	A	oberndorf	49.706080	7.815780	459.259033km	6554973
(0)<0>	No match: kernen
(5)<1>	EQ:	furstenau	A	fuerstenau	52.507400	7.682100	403.763321km	6557480
(1)<0>	EQ:	ueckermunde	P	ueckermuende	53.737950	14.044730	0.000000km	2820471
(1)<0>	EQ:	kussaberg	P	kuessaberg	47.588570	8.304700	0.000000km	11186019
(3)<0>	EQ:	selters(westerwald)	P	selters	50.532530	7.755770	0.000000km	2833138
(3)<0>	EQ:	selters(westerwald)	P	selters	50.516810	8.289530	37.890535km	2833139
(3)<0>	EQ:	selters(westerwald)	P	selters	50.340420	9.034710	93.339590km	2833140
(7)<3>	EQ:	kirchheim bei munchen	P	kirchheim	49.380700	8.664950	0.000000km	2890483
(7)<3>	EQ:	kirchheim bei munchen	P	kirchheim	50.883330	11.016670	237.061078km	2890484
(7)<3>	EQ:	kirchheim bei munchen	P	kirchheim	50.833330	9.566670	173.974465km	2890485
(7)<3>	EQ:	kirchheim bei munchen	P	kirchheim	50.605520	6.835720	189.104465km	2890486
(7)<3>	EQ:	kirchheim bei munchen	P	kirchheim	49.656070	9.857830	91.643479km	2890487
(7)<3>	EQ:	kirchheim bei munchen	P	kirchheim	48.174900	10.474610	188.855973km	2890488
(7)<3>	EQ:	kirchheim bei munchen	P	kirchheim	48.041860	12.779670	337.376001km	2890489
(7)<3>	EQ:	kirchheim bei munchen	A	kirchheim	50.883300	11.016700	237.060284km	6550211
(7)<3>	EQ:	kirchheim bei munchen	A	kirchheim	50.833330	9.572550	174.130817km	6553256
(7)<3>	EQ:	kirchheim bei munchen	A	kirchheim	49.650000	9.866670	92.030171km	6557088
(1)<0>	EQ:	bad duben	P	bad dueben	51.591740	12.584920	0.000000km	2953524
(1)<0>	EQ:	bad soden-salmunster	P	bad soden-salmuenster	50.275740	9.367050	0.000000km	2953338
(2)<1>	EQ:	lutjenburg	A	luetjenburg	54.298130	10.582520	0.829208km	6557350
(2)<1>	IN:	bad munder	A	bad muender am deister	52.197550	9.449950	1.001127km	6557415
(1)<0>	EQ:	hohr-grenzhausen	P	hoehr-grenzhausen	50.434740	7.669030	0.000000km	2900825
(1)<0>	EQ:	hunxe	P	huenxe	51.634050	6.697410	0.000000km	2897283
(1)<0>	EQ:	konigstein im taunus	P	koenigstein im taunus	50.179430	8.471320	0.000000km	2885760
(1)<0>	EQ:	horstel	P	hoerstel	52.297630	7.583820	0.000000km	2898603
(1)<0>	EQ:	bodenwohr	P	bodenwoehr	49.270820	12.301460	0.000000km	2947090
(1)<0>	EQ:	loningen	P	loeningen	52.736780	7.758090	0.000000km	2875987
(0)<1>	No match:	korntal-munchingen	A	korntal-muenchingen	48.831390	9.122340	444.954558km	6557968
(1)<0>	IN:	ubach-palenberg	P	uebach-palenberg	50.917750	6.123360	0.000000km	2820621
(1)<0>	EQ:	muncheberg	P	muencheberg	52.507040	14.137160	0.000000km	2867723
(1)<0>	EQ:	bruchkobel	P	bruchkoebel	50.178530	8.923150	0.000000km	2943573
(1)<0>	EQ:	muhlheim am main	P	muhlheim	48.860310	10.992160	0.000000km	2867987
(1)<0>	EQ:	lubben	P	luebben	51.938140	13.888260	0.000000km	2875625
(1)<0>	IN:	bad wunnenberg	P	wuennenberg	51.520020	8.699340	0.000000km	2805785
(1)<0>	EQ:	karlstadt am main	P	karlstadt	49.960340	9.772390	0.000000km	2892786
(3)<1>	EQ:	winsen an der aller	A	winsen	53.833300	10.016700	0.003879km	6552157
(3)<1>	EQ:	budingen	A	buedingen	50.280470	9.096930	93.721719km	6557768
(1)<0>	IN:	georgsmarienhutte	P	georgsmarienhuette	52.202960	8.044800	0.000000km	2921242
(1)<0>	IN:	frondenberg	P	froendenberg	51.475630	7.769460	0.000000km	2924206
(1)<0>	EQ:	rosrath	P	roesrath	50.895590	7.181750	0.000000km	2844862
(1)<0>	EQ:	bad schonborn	P	bad schoenborn	49.201220	8.641790	0.000000km	2881134
(7)<0>	EQ:	mulheim-karlich	P	muelheim	51.432180	6.879670	0.000000km	2867838
(7)<0>	EQ:	mulheim-karlich	P	muelheim	51.492800	8.286400	97.995060km	2867840
(7)<0>	EQ:	mulheim-karlich	P	muelheim	50.713440	6.738810	80.566716km	2867841
(7)<0>	EQ:	mulheim-karlich	P	muelheim	50.448870	6.683060	110.259728km	2867842
(7)<0>	EQ:	mulheim-karlich	P	muelheim	50.383330	7.500000	124.570773km	2867843
(7)<0>	EQ:	mulheim-karlich	P	muelheim	49.912520	7.019490	169.338602km	2867844
(7)<0>	EQ:	mulheim-karlich	P	muelheim	50.966390	7.003840	52.541864km	8593865
(1)<0>	EQ:	lubbecke	P	luebbecke	52.306990	8.614230	0.000000km	2875626
(1)<0>	EQ:	bersenbruck	P	bersenbrueck	52.551600	7.948360	0.000000km	2949906
(1)<0>	EQ:	kolleda	P	koelleda	51.187450	11.244880	0.000000km	2886363
(0)<1>	No match:	grunhain-beierfeld	A	gruenhain-beierfeld	50.566700	12.800000	129.413317km	6548582
(1)<0>	EQ:	visselhovede	P	visselhoevede	52.985460	9.582650	0.000000km	2817130
(1)<0>	EQ:	konigswinter	P	koenigswinter	50.683760	7.186750	0.000000km	2885734
(1)<0>	EQ:	morfelden-walldorf	P	moerfelden-walldorf	49.994720	8.583610	0.000000km	3272460
(1)<0>	EQ:	wurselen	P	wuerselen	50.818090	6.134700	0.000000km	2805644
(7)<0>	EQ:	mulheim	P	muelheim	51.432180	6.879670	0.000000km	2867838
(7)<0>	EQ:	mulheim	P	muelheim	51.492800	8.286400	97.995060km	2867840
(7)<0>	EQ:	mulheim	P	muelheim	50.713440	6.738810	80.566716km	2867841
(7)<0>	EQ:	mulheim	P	muelheim	50.448870	6.683060	110.259728km	2867842
(7)<0>	EQ:	mulheim	P	muelheim	50.383330	7.500000	124.570773km	2867843
(7)<0>	EQ:	mulheim	P	muelheim	49.912520	7.019490	169.338602km	2867844
(7)<0>	EQ:	mulheim	P	muelheim	50.966390	7.003840	52.541864km	8593865
(1)<0>	IN:	huckelhoven	P	hueckelhoven	51.055500	6.226580	0.000000km	2898111
(1)<0>	EQ:	markranstadt	P	markranstaedt	51.301460	12.220200	0.000000km	2873331
(1)<0>	EQ:	luneburg	P	lueneburg	53.250900	10.414090	0.000000km	2875115
(1)<0>	IN:	niebull	P	niebuell	54.786630	8.828540	0.000000km	2863696
(1)<0>	EQ:	barsbuttel	P	barsbuettel	53.566670	10.166670	0.000000km	2952415
(2)<0>	EQ:	stolberg (rhineland)	P	stolberg	51.574260	10.955820	0.000000km	2826594
(2)<0>	EQ:	stolberg (rhineland)	P	stolberg	50.773680	6.225950	342.494022km	2826595
(1)<0>	EQ:	hann. munden	P	muenden	51.153140	8.749750	0.000000km	2867614
(19)<5>	EQ:	bergen auf rugen	P	bergen	51.514120	7.252830	0.000000km	2950617
(19)<5>	EQ:	bergen auf rugen	P	bergen	50.156900	8.754720	184.355310km	2950618
(19)<5>	EQ:	bergen auf rugen	P	bergen	51.711320	6.498270	56.685576km	2950619
(19)<5>	EQ:	bergen auf rugen	P	bergen	52.808370	9.963740	234.820506km	2950622
(19)<5>	EQ:	bergen auf rugen	P	bergen	52.110960	11.364770	291.205622km	2950623
(19)<5>	EQ:	bergen auf rugen	P	bergen	51.762270	13.749980	450.496213km	2950624
(19)<5>	EQ:	bergen auf rugen	P	bergen	51.466520	14.228820	484.364503km	2950625
(19)<5>	EQ:	bergen auf rugen	P	bergen	50.471000	12.274480	371.080876km	2950626
(19)<5>	EQ:	bergen auf rugen	P	bergen	50.337920	12.190070	370.883587km	2950627
(19)<5>	EQ:	bergen auf rugen	P	bergen	49.783330	7.416670	192.883969km	2950628
(19)<5>	EQ:	bergen auf rugen	P	bergen	49.533090	6.695460	223.882720km	2950629
(19)<5>	EQ:	bergen auf rugen	P	bergen	49.073470	11.114000	386.428706km	2950630
(19)<5>	EQ:	bergen auf rugen	P	bergen	48.783970	11.143870	411.667286km	2950631
(19)<5>	EQ:	bergen auf rugen	P	bergen	48.482460	11.861880	471.958923km	2950632
(19)<5>	EQ:	bergen auf rugen	P	bergen	48.439580	11.213690	444.463226km	2950633
(19)<5>	EQ:	bergen auf rugen	P	bergen	48.437800	10.947440	432.684588km	2950634
(19)<5>	EQ:	bergen auf rugen	P	bergen	47.808370	12.589820	563.933242km	2950635
(19)<5>	EQ:	bergen auf rugen	P	bergen	47.721200	12.164270	551.038493km	2950636
(19)<5>	EQ:	bergen auf rugen	P	bergen	47.667500	10.271030	480.163902km	2950637
(19)<5>	EQ:	bergen auf rugen	A	bergen	50.476390	12.279170	371.187382km	6548528
(19)<5>	EQ:	bergen auf rugen	A	bergen	49.783300	7.416670	192.887300km	6553572
(19)<5>	EQ:	bergen auf rugen	A	bergen	47.803550	12.582750	563.989922km	6556395
(19)<5>	EQ:	bergen auf rugen	A	bergen	49.083300	11.116700	385.778963km	6556927
(19)<5>	EQ:	bergen auf rugen	A	bergen	52.809500	9.962200	234.812584km	6557431
(1)<0>	EQ:	tonning	P	toenning	54.318790	8.942340	0.000000km	2821878
(2)<1>	EQ:	zweibrucken	A	zweibruecken	49.248950	7.364870	0.425799km	6554823
(2)<1>	EQ:	hartheim am rhein	A	hartheim	47.937280	7.626400	100.466320km	6555745
(1)<0>	IN:	schwabisch hall	P	schwabisch gmund	48.799470	9.798090	0.000000km	2835482
(1)<0>	EQ:	wulfrath	P	wuelfrath	51.281950	7.038210	0.000000km	2805910
(2)<0>	IN:	florsheim am main	P	ober-florsheim	49.683060	8.155280	0.000000km	2860694
(2)<0>	IN:	florsheim am main	P	floersheim	50.013110	8.427790	41.614475km	2926120
(2)<1>	IN:	konigslutter am elm	A	koenigslutter am elm	52.270900	10.812000	2.221134km	6557379
(1)<0>	IN:	julich	P	juelich	50.921490	6.362670	0.000000km	2894553
(1)<0>	EQ:	dusseldorf	P	duesseldorf	51.221720	6.776160	0.000000km	2934246
(1)<0>	IN:	brunswick	P	braunschweig	52.265940	10.526730	0.000000km	2945024
(1)<0>	EQ:	frankfurt an der oder	P	frankfurt	49.683330	10.533330	0.000000km	2925536
(1)<0>	EQ:	wurzburg	P	wuerzburg	49.793910	9.951210	0.000000km	2805615
(1)<0>	IN:	sommerda	P	soemmerda	51.159140	11.115240	0.000000km	2831403
(0)<1>	No match:	hoxter	A	kreis hoexter	51.680560	9.195830	145.570490km	3231882
(1)<0>	IN:	lunen	P	luenen	51.616340	7.528720	0.000000km	2875107
(2)<1>	EQ:	wolfenbuttel	A	wolfenbuettel	52.157800	10.557900	231.301644km	6557395
(1)<0>	IN:	waldbrol	P	waldbroel	50.875760	7.616880	0.000000km	2815137
(1)<0>	EQ:	kunzelsau	P	kuenzelsau	49.281800	9.683520	0.000000km	2882439
(1)<0>	IN:	nuremberg	P	nuernberg	49.454210	11.077520	0.000000km	2861650
(0)<2>	No match: sudbrookmerland
(0)<2>	No match:	sudbrookmerland	A	suedbrookmerland	53.475500	7.351630	516.753889km	6558476
(0)<2>	No match:	sudbrookmerland	A	suedbrookmerland	53.475500	7.351630	516.753889km	6558476
(1)<0>	EQ:	rodermark	P	roedermark	49.973970	8.828160	0.000000km	11279743
(1)<0>	EQ:	budelsdorf	P	buedelsdorf	54.318440	9.672950	0.000000km	2942093
(1)<0>	EQ:	bad munstereifel	P	bad muenstereifel	50.556670	6.764240	0.000000km	2953398
(1)<0>	IN:	monchengladbach	P	moenchengladbach	51.185390	6.441720	0.000000km	2869894
(1)<0>	EQ:	quakenbruck	P	quakenbrueck	52.675020	7.949830	0.000000km	2851523
(1)<0>	EQ:	lubeck	P	luebeck	53.868930	10.687290	0.000000km	2875601
(0)<1>	No match:	gustrow	A	landkreis guestrow	53.793060	12.267500	104.382698km	2913431
(1)<0>	EQ:	schalksmuhle	P	schalksmuehle	51.241200	7.527900	0.000000km	2840555
(1)<0>	IN:	lorrach	P	loerrach	47.614970	7.664570	0.000000km	2875881
(1)<0>	EQ:	osnabruck	P	osnabrueck	52.272640	8.049800	0.000000km	2856883
(1)<0>	IN:	boblingen	P	boeblingen	48.682120	9.011710	0.000000km	2947444
(1)<0>	IN:	kuhlungsborn	P	ostseebad kuehlungsborn	54.150350	11.759940	0.000000km	2856193
(13)<3>	EQ:	altdorf bei nurnberg	P	altdorf	51.054660	12.683120	0.000000km	2958022
(13)<3>	EQ:	altdorf bei nurnberg	P	altdorf	50.876280	6.358970	444.576059km	2958023
(13)<3>	EQ:	altdorf bei nurnberg	P	altdorf	49.385600	11.357300	208.368179km	2958024
(13)<3>	EQ:	altdorf bei nurnberg	P	altdorf	49.355940	9.613700	289.299341km	2958025
(13)<3>	EQ:	altdorf bei nurnberg	P	altdorf	49.287220	8.216110	374.726395km	2958026
(13)<3>	EQ:	altdorf bei nurnberg	P	altdorf	48.986980	11.279530	251.009609km	2958027
(13)<3>	EQ:	altdorf bei nurnberg	P	altdorf	48.631120	8.996260	378.049125km	2958028
(13)<3>	EQ:	altdorf bei nurnberg	P	altdorf	48.594210	9.271650	367.550112km	2958029
(13)<3>	EQ:	altdorf bei nurnberg	P	altdorf	48.555930	12.110020	280.964644km	2958030
(13)<3>	EQ:	altdorf bei nurnberg	P	altdorf	48.265400	7.815910	468.575967km	2958031
(13)<3>	EQ:	altdorf bei nurnberg	P	altdorf	48.153740	12.184190	324.651435km	2958032
(13)<3>	EQ:	altdorf bei nurnberg	P	altdorf	48.095730	7.878730	478.399980km	2958033
(13)<3>	EQ:	altdorf bei nurnberg	P	altdorf	47.813720	10.634920	389.826570km	2958034
(13)<3>	EQ:	altdorf bei nurnberg	A	altdorf	49.287200	8.216110	374.727618km	6555164
(13)<3>	EQ:	altdorf bei nurnberg	A	altdorf	48.630870	8.995740	378.095619km	6555393
(13)<3>	EQ:	altdorf bei nurnberg	A	altdorf	48.594210	9.271260	367.568834km	6555409
(1)<0>	EQ:	saarbrucken	P	saarbruecken	49.232620	7.009820	0.000000km	2842647
(1)<0>	EQ:	hanover	P	hannover	52.370520	9.733220	0.000000km	2910831
(1)<0>	EQ:	plon	P	ploen	54.162410	10.423330	0.000000km	2853162
(1)<0>	IN:	donauworth	P	donauwoerth	48.718040	10.779300	0.000000km	2936253
(2)<1>	EQ:	wertheim am main	A	wertheim	49.753940	9.515380	214.040460km	6558018
(1)<0>	EQ:	tubingen	P	tuebingen	48.522660	9.052220	0.000000km	2820860
(1)<0>	EQ:	altotting	P	altoetting	48.225330	12.676650	0.000000km	2956940
(0)<1>	No match:	remseck	A	remseck am neckar	48.872860	9.275680	261.188133km	2848267
(1)<0>	IN:	haselunne	P	haseluenne	52.674120	7.484600	0.000000km	2909761
(5)<1>	EQ:	schonefeld	A	schoenefeld	52.367800	13.505170	135.395736km	6559229
(2)<0>	IN:	schmolln	P	schmoelln	51.121120	14.231460	0.000000km	2837651
(2)<0>	IN:	schmolln	P	schmoelln	50.896780	12.353390	134.148781km	2837652
(1)<0>	EQ:	gluckstadt	P	glueckstadt	53.788930	9.425760	0.000000km	2919763
(1)<0>	EQ:	huckeswagen	P	hueckeswagen	51.149790	7.344710	0.000000km	2898098
(2)<0>	EQ:	furstenwalde	P	fuerstenwalde	52.360670	14.061850	0.000000km	2923588
(2)<0>	EQ:	furstenwalde	P	fuerstenwalde	50.759260	13.868180	178.676529km	2923589
(1)<0>	IN:	schoppenstedt	P	klein schoeppenstedt	52.253480	10.612760	0.000000km	2888244
(1)<0>	EQ:	herxheim bei landau/pfalz	P	herxheim	49.146300	8.213460	0.000000km	2905528
(1)<0>	IN:	bremervorde	P	bremervoerde	53.484580	9.143060	0.000000km	2944354
(2)<0>	EQ:	ruhstorf an der rott	P	ruhstorf	48.539760	12.683050	0.000000km	2843185
(2)<0>	EQ:	ruhstorf an der rott	P	ruhstorf	48.436170	13.335700	49.599175km	2843186
(2)<0>	IN:	dallgow-doberitz	P	dorf doeberitz	52.500000	13.066670	0.000000km	2936116
(2)<0>	IN:	dallgow-doberitz	P	doeberitz	52.516670	13.050000	2.173031km	2936637
(1)<0>	IN:	hamelin	P	hameln	52.103970	9.356230	0.000000km	2911271
(1)<0>	IN:	bad durkheim	P	bad duerkheim	49.461800	8.172360	0.000000km	2953522
(0)<2>	No match: gaufelden
(0)<2>	No match:	gaufelden	A	gaeufelden	48.553090	8.822880	111.702423km	3209424
(0)<2>	No match:	gaufelden	A	gaeufelden	48.553090	8.822880	111.702423km	3209424
(1)<0>	IN:	tonisvorst	P	toenisvorst	51.320920	6.494120	0.000000km	2821899
(2)<0>	IN:	delbruck	P	kindelbrueck	51.261710	11.089990	0.000000km	2890880
(2)<0>	IN:	delbruck	P	delbrueck	51.765030	8.562230	184.184717km	2938389
(2)<1>	EQ:	dulmen	A	duelmen	51.843300	7.294800	1.632333km	6557581
(1)<0>	EQ:	russelsheim	P	ruesselsheim	49.989550	8.422510	0.000000km	2842884
(1)<0>	EQ:	hullhorst	P	huellhorst	52.283330	8.666670	0.000000km	2897844
(1)<0>	IN:	volklingen	P	voelklingen	49.251620	6.858730	0.000000km	2816630
(1)<0>	EQ:	gutersloh	P	guetersloh	51.906930	8.378530	0.000000km	2913366
(1)<0>	IN:	sprockhovel	P	sprockhoevel	51.346690	7.243430	0.000000km	2829998
(1)<0>	IN:	burstadt	P	buerstadt	49.642660	8.459360	0.000000km	2940938
(1)<0>	EQ:	eisenhuttenstadt	P	eisenhuettenstadt	52.150000	14.650000	0.000000km	2931481
(1)<0>	EQ:	wittlich-land	P	wittlich	49.985960	6.893080	0.000000km	2807240
(7)<2>	EQ:	erbach im odenwald	P	erbach	50.631700	7.904360	0.000000km	2929798
(7)<2>	EQ:	erbach im odenwald	P	erbach	50.310090	8.260030	43.788452km	2929799
(7)<2>	EQ:	erbach im odenwald	P	erbach	50.033330	7.683330	68.395034km	2929800
(7)<2>	EQ:	erbach im odenwald	P	erbach	50.021200	8.096150	69.268796km	2929801
(7)<2>	EQ:	erbach im odenwald	P	erbach	49.661480	8.994020	133.086353km	2929802
(7)<2>	EQ:	erbach im odenwald	P	erbach	49.638530	8.669750	123.280348km	2929803
(7)<2>	EQ:	erbach im odenwald	P	erbach	48.328410	9.887520	293.701371km	2929804
(7)<2>	EQ:	erbach im odenwald	A	erbach	50.025680	7.680570	69.268617km	6553892
(7)<2>	EQ:	erbach im odenwald	A	erbach	48.328290	9.890790	293.829017km	6558172
(1)<0>	IN:	lobau	P	loebau	51.099540	14.667380	0.000000km	2876755
(1)<0>	EQ:	ibbenburen	P	ibbenbueren	52.279640	7.714570	0.000000km	2896817
(1)<0>	EQ:	hansestadt salzwedel	P	salzwedel	52.854350	11.152500	0.000000km	2842112
(1)<0>	EQ:	unterfohring	P	unterfoehring	48.192530	11.642930	0.000000km	2819568
(1)<0>	EQ:	neustadt am rubenberge	P	neustadt am ruebenberge	52.504620	9.458710	0.000000km	2864058
(1)<0>	IN:	wachtersbach	P	breitenborn	50.262820	9.187030	0.000000km	2944648
(0)<0>	No match: muhlenbecker land
(3)<0>	EQ:	lohr a. main	P	lohr	50.146080	10.705510	0.000000km	2876146
(3)<0>	EQ:	lohr a. main	P	lohr	49.328540	10.168780	98.818497km	2876148
(3)<0>	EQ:	lohr a. main	P	lohr	49.106220	10.126200	122.994791km	2876149
(1)<0>	EQ:	eckernforde	P	eckernfoerde	54.468540	9.838240	0.000000km	2933627
(1)<0>	EQ:	wipperfurth	P	wipperfuerth	51.116100	7.398650	0.000000km	2807594
(1)<0>	IN:	lubbenau	P	luebbenau	51.862170	13.951680	0.000000km	2875623
(1)<0>	EQ:	willstatt	P	willstaett	48.540710	7.893140	0.000000km	2808493
(1)<0>	IN:	ludenscheid	P	luedenscheid	51.219770	7.627300	0.000000km	2875457
(1)<0>	EQ:	anrochte	P	anroechte	51.566670	8.333330	0.000000km	2955940
(1)<0>	EQ:	grevesmuhlen	P	grevesmuehlen	53.863370	11.191600	0.000000km	2917520
(6)<0>	IN:	dobeln	P	zschackwitz	51.123530	13.140310	0.000000km	2803849
(6)<0>	IN:	dobeln	P	masten	51.124620	13.069850	4.934415km	2872958
(6)<0>	IN:	dobeln	P	keuern	51.129020	13.080830	4.208568km	2891275
(6)<0>	IN:	dobeln	P	grossbauchlitz	51.132880	13.098410	3.112152km	2917000
(6)<0>	IN:	dobeln	P	gaertitz	51.143670	13.123170	2.541575km	2922447
(6)<0>	IN:	dobeln	P	doebeln	51.122100	13.110270	2.109175km	2936658
(9)<1>	EQ:	worth am rhein	A	worth	53.466700	10.416700	0.003888km	6551519
(0)<2>	No match: walddorfhaslach
(0)<2>	No match:	walddorfhaslach	A	walddorfhaeslach	48.586800	9.183030	549.711528km	2815115
(0)<2>	No match:	walddorfhaslach	A	walddorfhaeslach	48.586800	9.183030	549.711528km	2815115
(1)<0>	EQ:	rheda-wiedenbruck	P	rheda-wiedenbrueck	51.849670	8.300170	0.000000km	2847690
(2)<1>	EQ:	bernstadt auf dem eigen	A	bernstadt	48.499720	10.025150	447.022543km	6555968
(2)<1>	EQ:	brunsbuttel	A	brunsbuettel	53.902200	9.133450	2.042559km	6557324
(1)<0>	EQ:	furstenfeldbruck	P	fuerstenfeldbruck	48.179040	11.254700	0.000000km	2923625
(1)<0>	IN:	ludinghausen	P	luedinghausen	51.768300	7.443790	0.000000km	2875417
(0)<1>	No match:	bad tolz	A	landkreis bad toelz-wolfratshausen	47.753060	11.504720	533.716406km	2953323
(1)<0>	EQ:	goppingen	P	goeppingen	48.703540	9.652090	0.000000km	2919054
(7)<1>	EQ:	weilheim in oberbayern	A	weilheim	47.666700	8.233330	235.602516km	6555921
(1)<0>	IN:	zwonitz	P	zwoenitz	50.630270	12.809990	0.000000km	2803476
(1)<0>	IN:	numbrecht	P	nuembrecht	50.904270	7.540630	0.000000km	2861677
(2)<0>	IN:	konigs wusterhausen	P	neuemuehle	52.300000	13.666670	0.000000km	2865843
(2)<0>	IN:	konigs wusterhausen	P	koenigs wusterhausen	52.301410	13.633000	2.302215km	2885732
one_equal_city_match 67
several_equal_city_match 13
one_in_match 34
several_in_match 6
no_match 5
one_equal_region_match 23
Ending program
